2024-05-27 19:12:18,854 [main] ERROR o.h.e.jdbc.spi.SqlExceptionHelper - Column 'clientes_id_fk' cannot be null
2024-05-27 19:18:04,165 [main] ERROR o.h.e.jdbc.spi.SqlExceptionHelper - Column 'clientes_id_fk' cannot be null
2024-05-27 19:19:48,429 [main] ERROR o.h.e.jdbc.spi.SqlExceptionHelper - Column 'clientes_id_fk' cannot be null
2024-05-27 19:34:07,755 [main] ERROR o.h.e.jdbc.spi.SqlExceptionHelper - Unknown column 'reservasen0_.data_fim' in 'field list'
2024-05-27 19:37:49,352 [main] ERROR o.h.e.jdbc.spi.SqlExceptionHelper - Unknown column 'reservasen0_.data_fim' in 'field list'
2024-05-27 19:45:53,815 [main] ERROR o.h.e.jdbc.spi.SqlExceptionHelper - Unknown column 'reservasen0_.detalhes' in 'field list'
2024-05-27 19:49:05,450 [main] ERROR o.h.e.jdbc.spi.SqlExceptionHelper - Column 'clientes_id_fk' cannot be null
2024-05-27 19:57:17,610 [main] ERROR o.h.e.jdbc.spi.SqlExceptionHelper - Data truncation: Data too long for column 'telefone' at row 1
2024-05-27 19:58:07,094 [main] ERROR o.h.e.jdbc.spi.SqlExceptionHelper - Column 'clientes_id_fk' cannot be null
2024-05-27 20:07:39,431 [main] ERROR o.h.e.jdbc.spi.SqlExceptionHelper - Column 'clientes_id_fk' cannot be null
2024-05-27 20:15:25,715 [main] ERROR o.h.e.jdbc.spi.SqlExceptionHelper - Column 'clientes_id_fk' cannot be null
2024-05-27 20:56:50,645 [main] ERROR o.h.e.jdbc.spi.SqlExceptionHelper - Field 'contratos_id_fk' doesn't have a default value
2024-06-07 15:18:39,918 [main] ERROR o.h.e.jdbc.spi.SqlExceptionHelper - Unknown database 'projetoquiosque'
2024-06-07 15:23:35,462 [main] ERROR o.h.e.jdbc.spi.SqlExceptionHelper - Data truncation: Data too long for column 'email' at row 1
2024-06-18 08:37:12,064 [AWT-EventQueue-0] ERROR o.h.e.jdbc.spi.SqlExceptionHelper - Column 'dispo_status' cannot be null
2024-06-18 08:39:26,498 [AWT-EventQueue-0] ERROR o.h.e.jdbc.spi.SqlExceptionHelper - Column 'dispo_status' cannot be null
2024-06-18 08:43:26,484 [AWT-EventQueue-0] ERROR o.h.e.jdbc.spi.SqlExceptionHelper - Column 'dispo_status' cannot be null
2024-06-18 20:12:09,519 [AWT-EventQueue-0] ERROR o.h.e.jdbc.spi.SqlExceptionHelper - Table 'projetoquiosque.componentes_has_qiosques' doesn't exist
2024-06-18 20:20:30,234 [AWT-EventQueue-0] ERROR o.h.e.jdbc.spi.SqlExceptionHelper - Table 'projetoquiosque.componentes_has_qiosques' doesn't exist
2024-06-18 20:21:29,538 [AWT-EventQueue-0] ERROR o.h.e.jdbc.spi.SqlExceptionHelper - Table 'projetoquiosque.componentes_has_qiosques' doesn't exist
2024-06-18 20:26:10,042 [AWT-EventQueue-0] ERROR o.h.e.jdbc.spi.SqlExceptionHelper - Table 'projetoquiosque.componentes_has_qiosques' doesn't exist
2024-06-18 20:27:04,055 [AWT-EventQueue-0] ERROR o.h.e.jdbc.spi.SqlExceptionHelper - Table 'projetoquiosque.componentes_has_qiosques' doesn't exist
2024-06-18 20:28:49,012 [AWT-EventQueue-0] ERROR o.h.e.jdbc.spi.SqlExceptionHelper - Table 'projetoquiosque.componentes_has_qiosques' doesn't exist
2024-06-18 20:30:02,415 [AWT-EventQueue-0] ERROR o.h.e.jdbc.spi.SqlExceptionHelper - Table 'projetoquiosque.componentes_has_qiosques' doesn't exist
2024-06-18 20:37:26,704 [AWT-EventQueue-0] ERROR o.h.e.jdbc.spi.SqlExceptionHelper - Table 'projetoquiosque.componentes_has_qiosques' doesn't exist
2024-06-18 20:38:16,209 [AWT-EventQueue-0] ERROR o.h.e.jdbc.spi.SqlExceptionHelper - Table 'projetoquiosque.componentes_has_qiosques' doesn't exist
2024-06-18 20:40:04,340 [AWT-EventQueue-0] ERROR o.h.e.jdbc.spi.SqlExceptionHelper - Table 'projetoquiosque.componentes_has_qiosques' doesn't exist
2024-06-18 20:43:43,791 [AWT-EventQueue-0] ERROR o.h.e.jdbc.spi.SqlExceptionHelper - Table 'projetoquiosque.componentes_has_qiosques' doesn't exist
2024-06-18 20:53:39,047 [AWT-EventQueue-0] ERROR o.h.e.jdbc.spi.SqlExceptionHelper - Table 'projetoquiosque.componentes_has_qiosques' doesn't exist
2024-06-18 20:58:06,204 [AWT-EventQueue-0] ERROR o.h.e.jdbc.spi.SqlExceptionHelper - Table 'projetoquiosque.componentes_has_qiosques' doesn't exist
2024-06-18 21:04:59,798 [AWT-EventQueue-0] ERROR o.h.e.jdbc.spi.SqlExceptionHelper - Table 'projetoquiosque.componentes_has_qiosques' doesn't exist
2024-06-18 21:12:55,014 [AWT-EventQueue-0] ERROR o.h.e.jdbc.spi.SqlExceptionHelper - Table 'projetoquiosque.componentes_has_qiosques' doesn't exist
2024-06-19 09:55:55,201 [AWT-EventQueue-0] ERROR o.h.e.jdbc.spi.SqlExceptionHelper - Column 'user_status' cannot be null
2024-06-19 09:58:24,350 [AWT-EventQueue-0] ERROR o.h.e.jdbc.spi.SqlExceptionHelper - Column 'user_status' cannot be null
2024-06-19 10:33:19,594 [AWT-EventQueue-0] ERROR o.h.e.jdbc.spi.SqlExceptionHelper - Table 'projetoquiosque.reservas' doesn't exist
2024-06-19 10:38:16,099 [AWT-EventQueue-0] ERROR o.h.e.jdbc.spi.SqlExceptionHelper - Table 'projetoquiosque.reservas' doesn't exist
2024-06-19 10:39:42,887 [AWT-EventQueue-0] ERROR o.h.e.jdbc.spi.SqlExceptionHelper - Table 'projetoquiosque.reservas' doesn't exist
2024-06-19 10:43:26,435 [AWT-EventQueue-0] ERROR o.h.e.jdbc.spi.SqlExceptionHelper - Table 'projetoquiosque.reservas' doesn't exist
2024-06-20 16:40:37,964 [AWT-EventQueue-0] ERROR o.h.e.jdbc.spi.SqlExceptionHelper - Unknown column 'quiosqueen0_.livre' in 'field list'
2024-06-20 16:40:42,526 [AWT-EventQueue-0] ERROR o.h.e.jdbc.spi.SqlExceptionHelper - Unknown column 'quiosqueen0_.livre' in 'field list'
2024-06-20 16:50:16,774 [AWT-EventQueue-0] ERROR o.h.e.jdbc.spi.SqlExceptionHelper - Unknown column 'quiosqueen0_.livre' in 'field list'
2024-06-20 16:56:12,133 [AWT-EventQueue-0] ERROR o.h.e.jdbc.spi.SqlExceptionHelper - Unknown column 'quiosqueen0_.livre' in 'field list'
2024-06-20 17:58:18,912 [AWT-EventQueue-0] ERROR o.h.e.jdbc.spi.SqlExceptionHelper - Unknown column 'quiosqueen0_.disponibilidadeStatus' in 'field list'
2024-06-21 09:32:24,115 [AWT-EventQueue-0] ERROR o.h.e.jdbc.spi.SqlExceptionHelper - Column 'clientes_id_fk' cannot be null
2024-06-24 10:49:50,931 [AWT-EventQueue-0] ERROR o.h.e.jdbc.spi.SqlExceptionHelper - Unknown column 'reservasen0_.mes' in 'field list'
2024-06-24 15:58:10,673 [AWT-EventQueue-0] ERROR o.h.e.jdbc.spi.SqlExceptionHelper - Unknown column 'reservasen0_.dataReserva' in 'field list'
2024-06-24 16:09:37,300 [AWT-EventQueue-0] ERROR o.h.e.jdbc.spi.SqlExceptionHelper - Data truncation: Data too long for column 'telefone' at row 1
2024-06-24 16:09:52,220 [AWT-EventQueue-0] ERROR org.hibernate.AssertionFailure - HHH000099: an assertion failure occurred (this may indicate a bug in Hibernate, but is more likely due to unsafe use of the session): org.hibernate.AssertionFailure: null id in model.entities.FuncionariosEntity entry (don't flush the Session after an exception occurs)
2024-06-24 16:10:07,931 [AWT-EventQueue-0] ERROR org.hibernate.AssertionFailure - HHH000099: an assertion failure occurred (this may indicate a bug in Hibernate, but is more likely due to unsafe use of the session): org.hibernate.AssertionFailure: null id in model.entities.FuncionariosEntity entry (don't flush the Session after an exception occurs)
2024-06-24 16:10:54,147 [AWT-EventQueue-0] ERROR org.hibernate.AssertionFailure - HHH000099: an assertion failure occurred (this may indicate a bug in Hibernate, but is more likely due to unsafe use of the session): org.hibernate.AssertionFailure: null id in model.entities.FuncionariosEntity entry (don't flush the Session after an exception occurs)
2024-06-24 16:11:00,483 [AWT-EventQueue-0] ERROR org.hibernate.AssertionFailure - HHH000099: an assertion failure occurred (this may indicate a bug in Hibernate, but is more likely due to unsafe use of the session): org.hibernate.AssertionFailure: null id in model.entities.FuncionariosEntity entry (don't flush the Session after an exception occurs)
